<?xml version="1.0" encoding="UTF-8"?>
<testng-results skipped="0" failed="0" ignored="0" total="1" passed="1">
  <reporter-output>
  </reporter-output>
  <suite name="Default suite" duration-ms="19921" started-at="2020-02-15T07:46:35 CST" finished-at="2020-02-15T07:46:55 CST">
    <groups>
    </groups>
    <test name="Default test" duration-ms="19921" started-at="2020-02-15T07:46:35 CST" finished-at="2020-02-15T07:46:55 CST">
      <class name="test.NewDepositTest">
        <test-method status="PASS" signature="launchBrowser()[pri:0, instance:test.NewDepositTest@14cd1699]" name="launchBrowser" is-config="true" duration-ms="10336" started-at="2020-02-15T07:46:35 CST" finished-at="2020-02-15T07:46:46 CST">
          <reporter-output>
          </reporter-output>
        </test-method> <!-- launchBrowser -->
        <test-method status="PASS" signature="userShouldBeAbleToAddNewDeposit()[pri:0, instance:test.NewDepositTest@14cd1699]" name="userShouldBeAbleToAddNewDeposit" duration-ms="4596" started-at="2020-02-15T07:46:46 CST" finished-at="2020-02-15T07:46:50 CST">
          <reporter-output>
          </reporter-output>
        </test-method> <!-- userShouldBeAbleToAddNewDeposit -->
        <test-method status="PASS" signature="closeEveryThing()[pri:0, instance:test.NewDepositTest@14cd1699]" name="closeEveryThing" is-config="true" duration-ms="4896" started-at="2020-02-15T07:46:50 CST" finished-at="2020-02-15T07:46:55 CST">
          <reporter-output>
          </reporter-output>
        </test-method> <!-- closeEveryThing -->
      </class> <!-- test.NewDepositTest -->
    </test> <!-- Default test -->
  </suite> <!-- Default suite -->
</testng-results>
